[    0.000000] Initializing cgroup subsys cpuset
[    0.000000] Initializing cgroup subsys cpu
[    0.000000] Initializing cgroup subsys cpuacct
[    0.000000] Linux version 4.4.0-103-generic (buildd@lcy01-amd64-001) (gcc version 5.4.0 20160609 (Ubuntu 5.4.0-6ubuntu1~16.04.5) ) #126-Ubuntu SMP Mon Dec 4 16:23:28 UTC 2017 (Ubuntu 4.4.0-103.126-generic 4.4.98)
[    0.000000] Command line: BOOT_IMAGE=/boot/vmlinuz-4.4.0-103-generic root=LABEL=cloudimg-rootfs ro console=tty1 console=ttyS0
[    0.000000] KERNEL supported cpus:
[    0.000000]   Intel GenuineIntel
[    0.000000]   AMD AuthenticAMD
[    0.000000]   Centaur CentaurHauls
[    0.000000] x86/fpu: xstate_offset[2]:  576, xstate_sizes[2]:  256
[    0.000000] x86/fpu: Supporting XSAVE feature 0x01: 'x87 floating point registers'
[    0.000000] x86/fpu: Supporting XSAVE feature 0x02: 'SSE registers'
[    0.000000] x86/fpu: Supporting XSAVE feature 0x04: 'AVX registers'
[    0.000000] x86/fpu: Enabled xstate features 0x7, context size is 832 bytes, using 'standard' format.
[    0.000000] x86/fpu: Using 'lazy' FPU context switches.
[    0.000000] e820: BIOS-provided physical RAM map:
[    0.000000] BIOS-e820: [mem 0x0000000000000000-0x000000000009fbff] usable
[    0.000000] BIOS-e820: [mem 0x000000000009fc00-0x000000000009ffff] reserved
[    0.000000] BIOS-e820: [mem 0x00000000000f0000-0x00000000000fffff] reserved
[    0.000000] BIOS-e820: [mem 0x0000000000100000-0x000000003ffeffff] usable
[    0.000000] BIOS-e820: [mem 0x000000003fff0000-0x000000003fffffff] ACPI data
[    0.000000] BIOS-e820: [mem 0x00000000fec00000-0x00000000fec00fff] reserved
[    0.000000] BIOS-e820: [mem 0x00000000fee00000-0x00000000fee00fff] reserved
[    0.000000] BIOS-e820: [mem 0x00000000fffc0000-0x00000000ffffffff] reserved
[    0.000000] NX (Execute Disable) protection: active
[    0.000000] SMBIOS 2.5 present.
[    0.000000] Hypervisor detected: KVM
[    0.000000] e820: last_pfn = 0x3fff0 max_arch_pfn = 0x400000000
[    0.000000] MTRR: Disabled
[    0.000000] x86/PAT: MTRRs disabled, skipping PAT initialization too.
[    0.000000] CPU MTRRs all blank - virtualized system.
[    0.000000] x86/PAT: Configuration [0-7]: WB  WT  UC- UC  WB  WT  UC- UC  
[    0.000000] found SMP MP-table at [mem 0x0009fff0-0x0009ffff] mapped at [ffff88000009fff0]
[    0.000000] Scanning 1 areas for low memory corruption
[    0.000000] RAMDISK: [mem 0x36adc000-0x37565fff]
[    0.000000] ACPI: Early table checksum verification disabled
[    0.000000] ACPI: RSDP 0x00000000000E0000 000024 (v02 VBOX  )
[    0.000000] ACPI: XSDT 0x000000003FFF0030 00003C (v01 VBOX   VBOXXSDT 00000001 ASL  00000061)
[    0.000000] ACPI: FACP 0x000000003FFF00F0 0000F4 (v04 VBOX   VBOXFACP 00000001 ASL  00000061)
[    0.000000] ACPI: DSDT 0x000000003FFF0470 0021FF (v02 VBOX   VBOXBIOS 00000002 INTL 20100528)
[    0.000000] ACPI: FACS 0x000000003FFF0200 000040
[    0.000000] ACPI: FACS 0x000000003FFF0200 000040
[    0.000000] ACPI: APIC 0x000000003FFF0240 00005C (v02 VBOX   VBOXAPIC 00000001 ASL  00000061)
[    0.000000] ACPI: SSDT 0x000000003FFF02A0 0001CC (v01 VBOX   VBOXCPUT 00000002 INTL 20100528)
[    0.000000] No NUMA configuration found
[    0.000000] Faking a node at [mem 0x0000000000000000-0x000000003ffeffff]
[    0.000000] NODE_DATA(0) allocated [mem 0x3ffeb000-0x3ffeffff]
[    0.000000] kvm-clock: Using msrs 4b564d01 and 4b564d00
[    0.000000] kvm-clock: cpu 0, msr 0:3ffe3001, primary cpu clock
[    0.000000] kvm-clock: using sched offset of 3175159156 cycles
[    0.000000] clocksource: kvm-clock: mask: 0xffffffffffffffff max_cycles: 0x1cd42e4dffb, max_idle_ns: 881590591483 ns
[    0.000000] Zone ranges:
[    0.000000]   DMA      [mem 0x0000000000001000-0x0000000000ffffff]
[    0.000000]   DMA32    [mem 0x0000000001000000-0x000000003ffeffff]
[    0.000000]   Normal   empty
[    0.000000]   Device   empty
[    0.000000] Movable zone start for each node
[    0.000000] Early memory node ranges
[    0.000000]   node   0: [mem 0x0000000000001000-0x000000000009efff]
[    0.000000]   node   0: [mem 0x0000000000100000-0x000000003ffeffff]
[    0.000000] Initmem setup node 0 [mem 0x0000000000001000-0x000000003ffeffff]
[    0.000000] ACPI: PM-Timer IO Port: 0x4008
[    0.000000] IOAPIC[0]: apic_id 2, version 32, address 0xfec00000, GSI 0-23
[    0.000000] ACPI: INT_SRC_OVR (bus 0 bus_irq 0 global_irq 2 dfl dfl)
[    0.000000] ACPI: INT_SRC_OVR (bus 0 bus_irq 9 global_irq 9 high level)
[    0.000000] Using ACPI (MADT) for SMP configuration information
[    0.000000] smpboot: Allowing 2 CPUs, 0 hotplug CPUs
[    0.000000] PM: Registered nosave memory: [mem 0x00000000-0x00000fff]
[    0.000000] PM: Registered nosave memory: [mem 0x0009f000-0x0009ffff]
[    0.000000] PM: Registered nosave memory: [mem 0x000a0000-0x000effff]
[    0.000000] PM: Registered nosave memory: [mem 0x000f0000-0x000fffff]
[    0.000000] e820: [mem 0x40000000-0xfebfffff] available for PCI devices
[    0.000000] Booting paravirtualized kernel on KVM
[    0.000000] clocksource: refined-jiffies: mask: 0xffffffff max_cycles: 0xffffffff, max_idle_ns: 7645519600211568 ns
[    0.000000] setup_percpu: NR_CPUS:512 nr_cpumask_bits:512 nr_cpu_ids:2 nr_node_ids:1
[    0.000000] PERCPU: Embedded 33 pages/cpu @ffff88003fc00000 s98200 r8192 d28776 u1048576
[    0.000000] PV qspinlock hash table entries: 256 (order: 0, 4096 bytes)
[    0.000000] Built 1 zonelists in Node order, mobility grouping on.  Total pages: 257913
[    0.000000] Policy zone: DMA32
[    0.000000] Kernel command line: BOOT_IMAGE=/boot/vmlinuz-4.4.0-103-generic root=LABEL=cloudimg-rootfs ro console=tty1 console=ttyS0
[    0.000000] PID hash table entries: 4096 (order: 3, 32768 bytes)
[    0.000000] Memory: 1001780K/1048120K available (8485K kernel code, 1295K rwdata, 3988K rodata, 1492K init, 1316K bss, 46340K reserved, 0K cma-reserved)
[    0.000000] SLUB: HWalign=64, Order=0-3, MinObjects=0, CPUs=2, Nodes=1
[    0.000000] Hierarchical RCU implementation.
[    0.000000] 	Build-time adjustment of leaf fanout to 64.
[    0.000000] 	RCU restricting CPUs from NR_CPUS=512 to nr_cpu_ids=2.
[    0.000000] RCU: Adjusting geometry for rcu_fanout_leaf=64, nr_cpu_ids=2
[    0.000000] NR_IRQS:33024 nr_irqs:440 16
[    0.000000] Console: colour VGA+ 80x25
[    0.000000] console [tty1] enabled
[    0.000000] console [ttyS0] enabled
[    0.000000] tsc: Detected 3392.298 MHz processor
[    3.488397] Calibrating delay loop (skipped) preset value.. 6784.59 BogoMIPS (lpj=13569192)
[    3.489850] pid_max: default: 32768 minimum: 301
[    3.490610] ACPI: Core revision 20150930
[    3.492088] ACPI: 2 ACPI AML tables successfully acquired and loaded
[    3.493166] Security Framework initialized
[    3.494002] Yama: becoming mindful.
[    3.515419] AppArmor: AppArmor initialized
[    3.601531] Dentry cache hash table entries: 131072 (order: 8, 1048576 bytes)
[    3.602762] Inode-cache hash table entries: 65536 (order: 7, 524288 bytes)
[    3.604156] Mount-cache hash table entries: 2048 (order: 2, 16384 bytes)
[    3.605175] Mountpoint-cache hash table entries: 2048 (order: 2, 16384 bytes)
[    3.606313] Initializing cgroup subsys io
[    3.617906] Initializing cgroup subsys memory
[    3.618656] Initializing cgroup subsys devices
[    3.619419] Initializing cgroup subsys freezer
[    3.629133] Initializing cgroup subsys net_cls
[    3.693934] Initializing cgroup subsys perf_event
[    3.835443] Initializing cgroup subsys net_prio
[    3.952497] Iitializing cgroup subsys hugetlb
[    4.074489] Initializing cgroup subsys pids
[    4.100343] CPU: Physical Processor ID: 0
[    4.121980] CPU: Processor Core ID: 0
[    4.205270] mce: CPU supports 0 MCE banks
[    4.274112] Last level iTLB entries: 4KB 512, 2MB 8, 4MB 8
[    4.274973] Last level dTLB entries: 4KB 512, 2MB 32, 4MB 32, 1GB 0
[    4.277717] Freeing SMP alternatives memory: 32K
[    4.293753] ftrace: allocating 32158 entries in 126 pages
[    4.341024] smpboot: APIC(0) Converting physical 0 to logical package 0
[    4.352629] smpboot: Max logical packages: 1
[    4.353609] x2apic enabled
[    4.361184] Switched APIC routing to physical x2apic.
[    4.362944] ..TIMER: vector=0x30 apic1=0 pin1=2 apic2=-1 pin2=-1
[    4.496236] smpboot: CPU0: Intel(R) Core(TM) i7-3770 CPU @ 3.40GHz (family: 0x6, model: 0x3a, stepping: 0x9)
[    4.607981] Performance Events: unsupported p6 CPU model 58 no PMU driver, software events only.
[    4.735230] KVM setup paravirtual spinlock
[    4.818254] x86: Booting SMP configuration:
[    4.818961] .... node  #0, CPUs:      #1
[    4.819774] kvm-clock: cpu 1, msr 0:3ffe3041, secondary cpu clock
[    4.820752] mce: CPU supports 0 MCE banks
[    4.823156] x86: Booted up 1 node, 2 CPUs
[    4.824173] smpboot: Total of 2 processors activated (13569.19 BogoMIPS)
[    4.825518] devtmpfs: initialized
[    4.828089] evm: security.selinux
[    4.888587] evm: security.SMACK64
[    4.895834] evm: security.SMACK64EXEC
[    4.896486] evm: security.SMACK64TRANSMUTE
[    4.897177] evm: security.SMACK64MMAP
[    4.897816] evm: security.ima
[    4.898385] evm: security.capability
[    4.920436] clocksource: jiffies: mask: 0xffffffff max_cycles: 0xffffffff, max_idle_ns: 7645041785100000 ns
[    4.921965] futex hash table entries: 512 (order: 3, 32768 bytes)
[    4.923049] pinctrl core: initialized pinctrl subsystem
[    5.006297] RTC time:  1:35:58, date: 12/12/17
[    5.007370] NET: Registered protocol family 16
[    5.020874] cpuidle: using governor ladder
[    5.040877] cpuidle: using governor menu
[    5.041565] PCCT header not found.
[    5.042247] ACPI: bus type PCI registered
[    5.042937] acpiphp: ACPI Hot Plug PCI Controller Driver version: 0.5
[    5.084955] PCI: Using configuration type 1 for base access
[    5.105437] ACPI: Added _OSI(Module Device)
[    5.126902] ACPI: Added _OSI(Processor Device)
[    5.127637] ACPI: Added _OSI(3.0 _SCP Extensions)
[    5.128431] ACPI: Added _OSI(Processor Aggregator Device)
[    5.129873] ACPI: Executed 1 blocks of module-level executable AML code
[    5.132566] ACPI: Interpreter enabled
[    5.133246] ACPI: (supports S0 S5)
[    5.134022] ACPI: Using IOAPIC for interrupt routing
[    5.134927] PCI: Using host bridge windows from ACPI; if necessary, use "pci=nocrs" and report a bug
[    5.139254] ACPI: PCI Root Bridge [PCI0] (domain 0000 [bus 00-ff])
[    5.316675] acpi PNP0A03:00: _OSC: OS supports [ASPM ClockPM Segments MSI]
[    5.329874] acpi PNP0A03:00: _OSC: not requesting OS control; OS requires [ExtendedConfig ASPM ClockPM MSI]
[    5.349698] acpi PNP0A03:00: fail to add MMCONFIG information, can't access extended PCI configuration space under this bridge.
[    5.465745] PCI host bridge to bus 0000:00
[    5.492919] pci_bus 0000:00: root bus resource [io  0x0000-0x0cf7 window]
[    5.506209] pci_bus 0000:00: root bus resource [io  0x0d00-0xffff window]
[    5.631874] pci_bus 0000:00: root bus resource [mem 0x000a0000-0x000bffff window]
[    5.633142] pci_bus 0000:00: root bus resource [mem 0x40000000-0xffdfffff window]
[    5.662991] pci_bus 0000:00: root bus resource [bus 00-ff]
[    5.665622] pci 0000:00:01.1: legacy IDE quirk: reg 0x10: [io  0x01f0-0x01f7]
[    5.666664] pci 0000:00:01.1: legacy IDE quirk: reg 0x14: [io  0x03f6]
[    5.667870] pci 0000:00:01.1: legacy IDE quirk: reg 0x18: [io  0x0170-0x0177]
[    5.760485] pci 0000:00:01.1: legacy IDE quirk: reg 0x1c: [io  0x0376]
[    5.771264] pci 0000:00:07.0: quirk: [io  0x4000-0x403f] claimed by PIIX4 ACPI
[    5.893762] pci 0000:00:07.0: quirk: [io  0x4100-0x410f] claimed by PIIX4 SMB
[    5.898428] ACPI: PCI Interrupt Lin [LNKA] (IRQs 5 9 10 *11)
[    6.024216] ACPI: PCI Interrupt Link [LNKB] (IRQs 5 9 10 *11)
[    6.105929] ACPI: PCI Interrupt Link [LNKC] (IRQs 5 9 *10 11)
[    6.107188] ACPI: PCI Interrupt Link [LNKD] (IRQs 5 *9 10 11)
[    6.115498] ACPI: Enabled 2 GPEs in block 00 to 07
[    6.116573] vgaarb: setting as boot device: PCI:0000:00:02.0
[    6.161342] vgaarb: device added: PCI:0000:00:02.0,decodes=io+mem,owns=io+mem,locks=none
[    6.218629] vgaarb: loaded
[    6.222938] vgaarb: bridge control possible 0000:00:02.0
[    6.224302] SCSI subsystem initialized
[    6.225082] ACPI: bus type USB registered
[    6.225772] usbcore: registered new interface driver usbfs
[    6.226638] usbcore: registered new interface driver hub
[    6.227500] usbcore: registered new device driver usb
[    6.228705] PCI: Using ACPI for IRQ routing
[    6.273205] NetLabel: Initializing
[    6.274305] NetLabel:  domain hash size = 128
[    6.275032] NetLabel:  protocols = UNLABELED CIPSOv4
[    6.275842] NetLabel:  unlabeled traffic allowed by default
[    6.276811] amd_nb: Cannot enumerate AMD northbridges
[    6.309719] clocksource: Switched to clocksource kvm-clock
[    6.315434] AppArmor: AppArmor Filesystem Enabled
[    6.381451] pnp: PnP ACPI init
[    6.382684] pnp: PnP ACPI: found 3 devices
[    6.466911] clocksource: acpi_pm: mask: 0xffffff max_cycles: 0xffffff, max_idle_ns: 2085701024 ns
[    6.474581] NET: Registered protocol family 2
[    6.475457] TCP established hash table entries: 8192 (order: 4, 65536 bytes)
[    6.476496] TCP bind hash table entries: 8192 (order: 5, 131072 bytes)
[    6.478890] TCP: Hash tables configured (established 8192 bind 8192)
[    6.479854] UDP hash table entries: 512 (order: 2, 16384 bytes)
[    6.480752] UDP-Lite hash table entries: 512 (order: 2, 16384 bytes)
[    6.481732] NET: Registered protocol family 1
[    6.482505] pci 0000:00:00.0: Limiting direct PCI/PCI transfers
[    6.483425] pci 0000:00:01.0: Activating ISA DMA hang workarounds
[    6.514774] Unpacking initramfs...
[    7.943882] Freeing initrd memory: 10792K
[    7.956892] RAPL PMU detected, API unit is 2^-32 Joules, 3 fixed counters 10737418240 ms ovfl timer
[    7.958329] hw unit of domain pp0-core 2^-0 Joules
[    7.959093] hw unit of domain package 2^-0 Joules
[    7.966296] hw unit of domain pp1-gpu 2^-0 Joules
[    7.967144] platform rtc_cmos: registered platform RTC device (no PNP device found)
[    7.968424] Scanning for low memory corruption every 60 seconds
[    7.969825] audit: initializing netlink subsys (disabled)
[    8.027021] audit: type=2000 audit(1513042560.417:1): initialized
[    8.045037] Initialise system trusted keyring
[    8.045995] HugeTLB registered 2 MB page size, pre-allocated 0 pages
[    8.059680] zbud: loaded
[    8.060400] VFS: Disk quotas dquot_6.6.0
[    8.078273] VFS: Dquot-cache hash table entries: 512 (order 0, 4096 bytes)
[    8.079500] squashfs: version 4.0 (2009/01/31) Phillip Lougher
[    8.096661] fuse init (API version 7.23)
[    8.118915] Key type big_key registered
[    8.241513] Allocating IMA MOK and blacklist keyrings.
[    8.245167] Key type asymmetric registered
[    8.245878] Asymmetric key parser 'x509' registered
[    8.319702] Block layer SCSI generic (bsg) driver version 0.4 loaded (major 249)
[    8.321040] io scheduler noop registered
[    8.347624] io scheduler deadline registered (default)
[    8.354993] io scheduler cfq registered
[    8.355730] pci_hotplug: PCI Hot Plug PCI Core version: 0.5
[    8.356591] pciehp: PCI Express Hot Plug Controller Driver version: 0.4
[    8.357737] ACPI: AC Adapter [AC] (on-line)
[    8.358477] input: Power Button as /devices/LNXSYSTM:00/LNXPWRBN:00/input/input0
[    8.359755] ACPI: Power Button [PWRF]
[    8.360439] input: Sleep Button as /devices/LNXSYSTM:00/LNXSLPBN:00/input/input1
[    8.361680] ACPI: Sleep Button [SLPF]
[    8.427744] GHES: HEST is not enabled!
[    8.428544] Serial: 8250/16550 driver, 32 ports, IRQ sharing enabled
[    8.451542] 00:02: ttyS0 at I/O 0x3f8 (irq = 4, base_baud = 115200) is a 16550A
[    8.476520] Linux agpgart interface v0.103
[    8.481600] loop: module loaded
[    8.484435] scsi host0: ata_piix
[    8.488138] scsi host1: ata_piix
[    8.488763] ata1: PATA max UDMA/33 cmd 0x1f0 ctl 0x3f6 bmdma 0xd000 irq 14
[    8.489797] ata2: PATA max UDMA/33 cmd 0x170 ctl 0x376 bmdma 0xd008 irq 15
[    8.492800] libphy: Fixed MDIO Bus: probed
[    8.605606] tun: Universal TUN/TAP device driver, 1.6
[    8.666861] tun: (C) 1999-2004 Max Krasnyansky <maxk@qualcomm.com>
[    8.700330] PPP generic driver version 2.4.2
[    8.720341] ehci_hcd: USB 2.0 'Enhanced' Host Controller (EHCI) Driver
[    8.721306] ehci-pci: EHCI PCI platform driver
[    8.722060] ehci-platform: EHCI generic platform driver
[    8.722892] ohci_hcd: USB 1.1 'Open' Host Controller (OHCI) Driver
[    8.746822] ohci-pci: OHCI PCI platform driver
[    8.747570] ohci-platform: OHCI generic platform driver
[    8.748410] uhci_hcd: USB Universal Host Controller Interface driver
[    8.749449] i8042: PNP: PS/2 Controller [PNP0303:PS2K,PNP0f03:PS2M] at 0x60,0x64 irq 1,12
[    8.751241] serio: i8042 KBD port at 0x60,0x64 irq 1
[    8.752037] serio: i8042 AUX port at 0x60,0x64 irq 12
[    8.753032] mousedev: PS/2 mouse device common for all mice
[    8.777947] rtc_cmos rtc_cmos: rtc core: registered rtc_cmos as rtc0
[    8.778995] rtc_cmos rtc_cmos: alarms up to one day, 114 bytes nvram
[    8.780026] input: AT Translated Set 2 keyboard as /devices/platform/i8042/serio0/input/input2
[    8.894250] i2c /dev entries driver
[    8.938169] device-mapper: uevent: version 1.0.3
[    8.939021] device-mapper: ioctl: 4.34.0-ioctl (2015-10-28) initialised: dm-devel@redhat.com
[    9.011901] tsc: Refined TSC clocksource calibration: 3392.786 MHz
[    9.151704] clocksource: tsc: mask: 0xffffffffffffffff max_cycles: 0x30e7b00f0f4, max_idle_ns: 440795268898 ns
[    9.153297] ledtrig-cpu: registered to indicate activity on CPUs
[    9.154848] NET: Registered protocol family 10
[    9.155722] NET: Registered protocol family 17
[    9.157485] Key type dns_resolver registered
[    9.222433] microcode: CPU0 sig=0x306a9, pf=0x2, revision=0x19
[    9.266124] microcode: CPU1 sig=0x306a9, pf=0x2, revision=0x19
[    9.432740] microcode: Microcode Update Driver: v2.01 <tigran@aivazian.fsnet.co.uk>, Peter Oruba
[    9.489654] registered taskstats version 1
[    9.491426] Loading compiled-in X.509 certificates
[    9.492808] Loaded X.509 cert 'Build time autogenerated kernel key: 6495e09daeacef0cade9c1ea2246b74b6c79cd53'
[    9.502395] zswap: loaded using pool lzo/zbud
[    9.504543] Key type trusted registered
[    9.510794] Key type encrypted registered
[    9.511488] AppArmor: AppArmor sha1 policy hashing enabled
[    9.512333] ima: No TPM chip found, activating TPM-bypass!
[    9.520119] evm: HMAC attrs: 0x1
[    9.520987]   Magic number: 13:71:559
[    9.521645] tty ttyS31: hash matches
[    9.522394] rtc_cmos rtc_cmos: setting system clock to 2017-12-12 01:36:02 UTC (1513042562)
[    9.525835] BIOS EDD facility v0.16 2004-Jun-25, 0 devices found
[    9.534106] EDD information not available.
[    9.547475] Freeing unused kernel memory: 1492K
[    9.548215] Write protecting the kernel read-only data: 14336k
[    9.556180] Freeing unused kernel memory: 1744K
[    9.619586] Freeing unused kernel memory: 108K
Loading, please wait...
[    9.630600] random: systemd-udevd: uninitialized urandom read (16 bytes read, 2 bits of entropy available)
starting version 229
[    9.631024] random: udevadm: uninitialized urandom read (16 bytes read, 2 bits of entropy available)
[    9.631039] random: udevadm: uninitialized urandom read (16 bytes read, 2 bits of entropy available)
[    9.636374] random: udevadm: uninitialized urandom read (16 bytes read, 2 bits of entropy available)
[    9.636400] random: udevadm: uninitialized urandom read (16 bytes read, 2 bits of entropy available)
[    9.636488] random: udevadm: uninitialized urandom read (16 bytes read, 2 bits of entropy available)
[    9.636524] random: udevadm: uninitialized urandom read (16 bytes read, 2 bits of entropy available)
[    9.636558] random: udevadm: uninitialized urandom read (16 bytes read, 2 bits of entropy available)
[    9.636592] random: udevadm: uninitialized urandom read (16 bytes read, 2 bits of entropy available)
[    9.636627] random: udevadm: uninitialized urandom read (16 bytes read, 2 bits of entropy available)
[    9.962293] Fusion MPT base driver 3.04.20
[    9.962304] e1000: Intel(R) PRO/1000 Network Driver - version 7.3.21-k8-NAPI
[    9.962304] e1000: Copyright (c) 1999-2006 Intel Corporation.
[    9.976822] Copyright (c) 1999-2008 LSI Corporation
[    9.992258] Fusion MPT SPI Host driver 3.04.20
[   10.015935] AVX version of gcm_enc/dec engaged.
[   10.022023] AES CTR mode by8 optimization enabled
[   10.236737] input: ImExPS/2 Generic Explorer Mouse as /devices/platform/i8042/serio1/input/input4
[   10.342722] e1000 0000:00:03.0 eth0: (PCI:33MHz:32-bit) 02:15:29:52:b1:84
[   10.351399] e1000 0000:00:03.0 eth0: Intel(R) PRO/1000 Network Connection
[   10.385054] mptbase: ioc0: Initiating bringup
[   10.385066] e1000 0000:00:03.0 enp0s3: renamed from eth0
[   10.462850] ioc0: LSI53C1030 A0: Capabilities={Initiator}
[   10.697054] scsi host2: ioc0: LSI53C1030 A0, FwRev=00000000h, Ports=1, MaxQ=256, IRQ=20
[   10.851041] scsi 2:0:0:0: Direct-Access     VBOX     HARDDISK         1.0  PQ: 0 ANSI: 5
[   10.938125] scsi target2:0:0: Beginning Domain Validation
[   10.949634] scsi target2:0:0: Domain Validation skipping write tests
[   10.950626] scsi target2:0:0: Ending Domain Validation
[   10.957874] scsi target2:0:0: asynchronous
[   10.959141] scsi 2:0:1:0: Direct-Access     VBOX     HARDDISK         1.0  PQ: 0 ANSI: 5
[   10.968892] scsi target2:0:1: Beginning Domain Validation
[   10.983907] scsi target2:0:1: Domain Validation skipping write tests
[   10.993376] scsi target2:0:1: Ending Domain Validation
[   11.017039] scsi target2:0:1: asynchronous
[   11.022317] sd 2:0:0:0: [sda] 20971520 512-byte logical blocks: (10.7 GB/10.0 GiB)
[   11.036311] sd 2:0:0:0: Attached scsi generic sg0 type 0
[   11.040262] sd 2:0:1:0: Attached scsi generic sg1 type 0
[   11.040527] sd 2:0:1:0: [sdb] 20480 512-byte logical blocks: (10.5 MB/10.0 MiB)
[   11.040604] sd 2:0:0:0: [sda] Write Protect is off
[   11.040716] sd 2:0:1:0: [sdb] Write Protect is off
[   11.040728] sd 2:0:0:0: [sda] Incomplete mode parameter data
[   11.040729] sd 2:0:0:0: [sda] Assuming drive cache: write through
[   11.040842] sd 2:0:1:0: [sdb] Incomplete mode parameter data
[   11.040843] sd 2:0:1:0: [sdb] Assuming drive cache: write through
[   11.088729]  sda: sda1
[   11.089440] sd 2:0:0:0: [sda] Attached SCSI disk
[   11.090629] sd 2:0:1:0: [sdb] Attached SCSI disk
[   12.994899] floppy0: no floppy controllers found
Begin: Loading e[   14.355940] md: linear personality registered for level -1
ssential drivers[   14.404751] md: multipath personality registered for level -4
 ... [   14.440554] md: raid0 personality registered for level 0
[   14.443410] md: raid1 personality registered for level 1
[   14.557972] raid6: sse2x1   gen()  9647 MB/s
[   14.637993] raid6: sse2x1   xor()  7605 MB/s
[   14.721767] raid6: sse2x2   gen() 12031 MB/s
[   14.818000] raid6: sse2x2   xor()  8423 MB/s
[   14.938016] raid6: sse2x4   gen() 14027 MB/s
[   15.058007] raid6: sse2x4   xor()  9757 MB/s
[   15.065729] raid6: using algorithm sse2x4 gen() 14027 MB/s
[   15.066581] raid6: .... xor() 9757 MB/s, rmw enabled
[   15.067403] raid6: using ssse3x2 recovery algorithm
[   15.080384] xor: automatically using best checksumming function:
[   15.210512]    avx       : 22276.000 MB/sec
[   15.257818] async_tx: api initialized (async)
[   15.264471] md: raid6 personality registered for level 6
[   15.266882] md: raid5 personality registered for level 5
[   15.267750] md: raid4 personality registered for level 4
[   15.272482] md: raid10 personality registered for level 10
done.
Begin: Running /scripts/init-premount ... done.
Begin: Mounting root file system ... Begin: Running /scripts/local-top ... done.
Begin: Running /scripts/local-premount ... [   15.296115] Btrfs loaded
Scanning for Btrfs filesystems
done.
Warning: fsck no[   15.412803] EXT4-fs (sda1): INFO: recovery required on readonly filesystem
t present, so skipping root file system
[   15.462339] EXT4-fs (sda1): write access will be enabled during recovery
[   15.903362] EXT4-fs (sda1): recovery complete
[   15.906617] EXT4-fs (sda1): mounted filesystem with ordered data mode. Opts: (null)
done.
Begin: Running /scripts/local-bottom ... done.
Begin: Running /scripts/init-bottom ... done.
[   16.302480] random: nonblocking pool is initialized
[   16.816973] systemd[1]: systemd 229 running in system mode. (+PAM +AUDIT +SELINUX +IMA +APPARMOR +SMACK +SYSVINIT +UTMP +LIBCRYPTSETUP +GCRYPT +GNUTLS +ACL +XZ -LZ4 +SECCOMP +BLKID +ELFUTILS +KMOD -IDN)
[   16.865002] systemd[1]: Detected virtualization oracle.
[   16.876222] systemd[1]: Detected architecture x86-64.

Welcome to [1mUbuntu 16.04.3 LTS[0m!

[   17.066345] systemd[1]: Set hostname to <ubuntu-xenial>.
[   18.092498] systemd[1]: Listening on /dev/initctl Compatibility Named Pipe.
[[0;32m  OK  [0m] Listening on /dev/initctl Compatibility Named Pipe.
[   18.158310] systemd[1]: Listening on Syslog Socket.
[[0;32m  OK  [0m] Listening on Syslog Socket.
[   18.247378] systemd[1]: Created slice User and Session Slice.
[[0;32m  OK  [0m] Created slice User and Session Slice.
[   18.318303] systemd[1]: Listening on udev Control Socket.
[[0;32m  OK  [0m] Listening on udev Control Socket.
[   18.428360] systemd[1]: Listening on udev Kernel Socket.
[[0;32m  OK  [0m] Listening on udev Kernel Socket.
[   18.482270] systemd[1]: Reached target User and Group Name Lookups.
[[0;32m  OK  [0m] Reached target User and Group Name Lookups.
[   18.571417] systemd[1]: Listening on Device-mapper event daemon FIFOs.
[[0;32m  OK  [0m] Listening on Device-mapper event daemon FIFOs.
[   18.604234] systemd[1]: Created slice System Slice.
[[0;32m  OK  [0m] Created slice System Slice.
[   18.655346] systemd[1]: Created slice system-serial\x2dgetty.slice.
[[0;32m  OK  [0m] Created slice system-serial\x2dgetty.slice.
[   18.776917] systemd[1]: Listening on LVM2 poll daemon socket.
[[0;32m  OK  [0m] Listening on LVM2 poll daemon socket.
[   18.875168] systemd[1]: Listening on Journal Socket.
[[0;32m  OK  [0m] Listening on Journal Socket.
[   18.914172] systemd[1]: Mounting Debug File System...
         Mounting Debug File System...
[   18.917446] systemd[1]: Starting Set console keymap...
         Starting Set console keymap...
[   18.919491] systemd[1]: Starting Nameserver information manager...
         Starting Nameserver information manager...
[   18.990207] systemd[1]: Starting Create list of required static device nodes for the current kernel...
         Starting Create list of required st... nodes for the current kernel...
[   19.038975] systemd[1]: Listening on Journal Audit Socket.
[[0;32m  OK  [0m] Listening on Journal Audit Socket.
[   19.047296] systemd[1]: Started Forward Password Requests to Wall Directory Watch.
[[0;32m  OK  [0m] Started Forward Password Requests to Wall Directory Watch.
[   19.177739] systemd[1]: Started Trigger resolvconf update for networkd DNS.
[[0;32m  OK  [0m] Started Trigger resolvconf update for networkd DNS.
[   19.250140] systemd[1]: Mounting POSIX Message Queue File System...
         Mounting POSIX Message Queue File System...
[   19.349011] systemd[1]: Set up automount Arbitrary Executable File Formats File System Automount Point.
[[0;32m  OK  [0m] Set up automount Arbitrary Executab...ats File System Automount Point.
[   19.352356] systemd[1]: Listening on Journal Socket (/dev/log).
[[0;32m  OK  [0m] Listening on Journal Socket (/dev/log).
[   19.354648] systemd[1]: Starting Journal Service...
         Starting Journal Service...
[   19.362250] systemd[1]: Reached target Swap.
[[0;32m  OK  [0m] Reached target Swap.
[   19.381593] systemd[1]: Listening on LVM2 metadata daemon socket.
[[0;32m  OK  [0m] Listening on LVM2 metadata daemon socket.
[   19.383602] systemd[1]: Reached target Slices.
[[0;32m  OK  [0m] Reached target Slices.
[   19.394681] systemd[1]: Mounting Huge Pages File System...
         Mounting Huge Pages File System...
[   19.554246] systemd[1]: Starting Uncomplicated firewall...
         Starting Uncomplicated firewall...
[   19.718286] systemd[1]: Starting Load Kernel Modules...
[   19.750322] Loading iSCSI transport class v2.0-870.
         Starting Load Kernel Modules...
[   19.838210] systemd[1]: Starting Monitoring of LVM2 mirrors, snapshots etc. using dmeventd or progress polling...
         Starting Monitoring of LVM2 mirrors... dmeventd or progress polling...
[   19.902720] systemd[1]: Reached target Encrypted Volumes.
[[0;32m  OK  [0m] Reached target Encrypted Volumes.
[   19.910874] systemd[1]: Starting Remount Root and Kernel File Systems...
         Starting Remount Root and Kernel File Systems...
[   19.917477] systemd[1]: Mounted Huge Pages File System.
[[0;32m  OK  [0m] Mounted Huge Pages File System.
[   19.919184] systemd[1]: Mounted POSIX Message Queue File System.
[[0;32m  OK  [0m] Mounted POSIX Message Queue File System.
[   19.920979] systemd[1]: Mounted Debug File System.
[[0;32m  OK  [0m] Mounted Debug File System.
[   19.924194] systemd[1]: Started Journal Service.
[[0;32m  OK  [0m] Started Journal Service.
[[0;32m  OK  [0m] Started Set console keymap.
[   19.936332] EXT4-fs (sda1): re-mounted. Opts: (null)
[   19.939647] iscsi: registered transport (tcp)
[[0;32m  OK  [0m] Started Create list of required sta...ce nodes for the current kernel.
[[0;32m  OK  [0m] Started Uncomplicated firewall.
[[0;32m  OK  [0m] Started Remount Root and Kernel File Systems.
[[0;32m  OK  [0m] Started Nameserver information manager.
         Starting udev Coldplug all Devices...
         Starting Load/Save Rand[   20.185353] iscsi: registered transport (iser)
om Seed...
         Starting Initial cloud-init job (pre-networking)...
         Starting Create Static Device Nodes in /dev...
         Starting Flush Journal to Persistent Storage...
[[0;32m  OK  [0m] Started Load Kernel Modules.
[[0;32m  OK  [0m] Started Load/Save Random Seed.
[[0;32m  OK  [0m] Started udev Coldplug all Devices.
[   20.437306] systemd-journald[394]: Received request to flush runtime journal from PID 1
[[0;32m  OK  [0m] Started LVM2 metadata daemon.
         Mounting FUSE Control File System...
         Starting Apply Kernel Variables...
[[0;32m  OK  [0m] Mounted FUSE Control File System.
[[0;32m  OK  [0m] Started Flush Journal to Persistent Storage.
[[0;32m  OK  [0m] Started Create Static Device Nodes in /dev.
         Starting udev Kernel Device Manager...
[[0;32m  OK  [0m] Started Apply Kernel Variables.
[[0;32m  OK  [0m] Started udev Kernel Device Manager.
[[0;32m  OK  [0m] Started Dispatch Password Requests to Console Directory Watch.
[[0;32m  OK  [0m] Started Monitoring of LVM2 mirrors,...ng dmeventd or progress polling.
[[0;32m  OK  [0m] Found device /dev/ttyS0.
[[0;32m  OK  [0m] Reached target Local File Systems (Pre).
[[0;32m  OK  [0m] Reached target Local File Systems.
         Starting Set console font and keymap...
         Starting LSB: AppArmor initialization...
         Starting Tell Plymouth To Write Out Runtime Data...
         Starting Create Volatile Files and Directories...
[[0;32m  OK  [0m] Started Tell Plymouth To Write Out Runtime Data.
[[0;32m  OK  [0m] Found device 82540EM Gigabit Ethern...r (PRO/1000 MT Desktop Adapter).
[[0;32m  OK  [0m] Started Create Volatile Files and Directories.
         Starting Update UTMP about System Boot/Shutdown...
[[0;32m  OK  [0m] Reached target System Time Synchronized.
[[0;32m  OK  [0m] Started Set console font and keymap.
[[0;32m  OK  [0m] Started Update UTMP about System Boot/Shutdown.
[[0;32m  OK  [0m] Listening on Load/Save RF Kill Switch Status /dev/rfkill Watch.
[[0;32m  OK  [0m] Created slice system-getty.slice.
[[0;32m  OK  [0m] Started LSB: AppArmor initialization.
[   20.513974] cloud-init[439]: Cloud-init v. 17.1 running 'init-local' at Tue, 12 Dec 2017 01:36:18 +0000. Up 19.76 seconds.
[[0;32m  OK  [0m] Started Initial cloud-init job (pre-networking).
[[0;32m  OK  [0m] Reached target Network (Pre).
[[0;32m  OK  [0m] Started ifup for enp0s3.
         Starting Raise network interfaces...
[[0;32m  OK  [0m] Started Raise network interfaces.
[[0;32m  OK  [0m] Reached target Network.
         Starting Initial cloud-init job (metadata service crawler)...
[   22.171528] cloud-init[973]: Cloud-init v. 17.1 running 'init' at Tue, 12 Dec 2017 01:36:20 +0000. Up 21.28 seconds.
[   22.264543] cloud-init[973]: ci-info: +++++++++++++++++++++++++++++++++++++Net device info++++++++++++++++++++++++++++++++++++++
[   22.265097] cloud-init[973]: ci-info: +--------+------+----------------------------+---------------+-------+-------------------+
[[0;32m  OK  [0m] Started Initial cloud-init job (metadata service crawler).
[   22.265332] cloud-init[973]: ci-info: | Device |  Up  |          Address           |      Mask     | Scope |     Hw-Address    |
[   22.641129] cloud-init[973]: ci-info: +--------+------+----------------------------+---------------+-------+-------------------+
[   22.641690] cloud-init[973]: ci-info: | enp0s3 | True |         10.0.2.15          | 255.255.255.0 |   .   | 02:15:29:52:b1:84 |
[[0;32m  OK  [0m] Reached target Cloud-config availability.
[   22.642012] cloud-init[973]: ci-info: | enp0s3 | True | fe80::15:29ff:fe52:b184/64 |       .       |  link | 02:15:29:52:b1:84 |
[   22.669575] cloud-init[973]: ci-info: |   lo   | True |         127.0.0.1          |   255.0.0.0   |   .   |         .         |
[[0;32m  OK  [0m] Reached target System Initialization.
[   22.669784] cloud-init[973]: ci-info: |   lo   | True |          ::1/128           |       .       |  host |         .         |
[   22.816373] cloud-init[973]: ci-info: +--------+------+----------------------------+---------------+-------+-------------------+
         [   22.863639] Starting LXD - unix socket.cloud-init
[973]: ci-info: +++++++++++++++++++++++++++Route IPv4 info++++++++++++++++++++++++++++
[   22.881127] cloud-init[973]: ci-info: +-------+-------------+----------+---------------+-----------+-------+
[   22.881377] cloud-init[973]: ci-info: | Route | Destination | Gateway  |    Genmask    | Interface | Flags |
         Starting Socket activation for snappy daemon.
[[   22.881528] cloud-init[973]: ci-info: +-------+-------------+----------+---------------+-----------+-------+
[   22.965192] cloud-init[973]: ci-info: |   0   |   0.0.0.0   | 10.0.2.2 |    0.0.0.0    |   enp0s3  |   UG  |
[   22.965277] cloud-init[973]: ci-info: |   1   |   10.0.2.0  | 0.0.0.0  | 255.255.255.0 |   enp0s3  |   U   |
[   22.965410] cloud-init[973]: ci-info: +-------+-------------+----------+---------------+-----------+-------+
[0;32m  OK  [0m] Started Daily Cleanup of Temporary Directories.
[[0;32m  OK  [0m] Listening on D-Bus System Message Bus Socket.
[[0;32m  OK  [0m] Listening on UUID daemon activation socket.
[[0;32m  OK  [0m] Started ACPI Events Check.
[[0;32m  OK  [0m] Reached target Paths.
[[0;32m  OK  [0m] Listening on ACPID Listen Socket.
[[0;32m  OK  [0m] Started Timer to automatically refresh installed snaps.
[[0;32m  OK  [0m] Reached target Network is Online.
[[0;32m  OK  [0m] Started Daily apt download activities.
[[0;32m  OK  [0m] Started Daily apt upgrade and clean activities.
[[0;32m  OK  [0m] Reached target Timers.
         Starting iSCSI initiator daemon (iscsid)...
[[0;32m  OK  [0m] Listening on LXD - unix socket.
[[0;32m  OK  [0m] Listening on Socket activation for snappy daemon.
[[0;32m  OK  [0m] Reached target Sockets.
[[0;32m  OK  [0m] Reached target Basic System.
         Starting Apply the settings specified in cloud-config...
         Starting Login Service...
[[0;32m  OK  [0m] Started Unattended Upgrades Shutdown.
[[0;32m  OK  [0m] Started Deferred execution scheduler.
[[0;32m  OK  [0m] Started Regular background program processing daemon.
         Starting LSB: MD monitoring daemon...
         Starting /etc/rc.local Compatibility...
         Starting OpenBSD Secure Shell server...
[[0;32m  OK  [0m] Started ACPI event daemon.
[[0;32m  OK  [0m] Started D-Bus System Message Bus.
[   23.607785] cloud-init[1023]: Cloud-init v. 17.1 running 'modules:config' at Tue, 12 Dec 2017 01:36:22 +0000. Up 23.40 seconds.
         Starting System Logging Service...
[[0;32m  OK  [0m] Started FUSE filesystem for LXC.
         Starting LSB: Record successful boot for GRUB...
         Starting Accounts Service...
         Starting Snappy daemon...
         Starting LXD - container startup/shutdown...
[[0;32m  OK  [0m] Started OpenBSD Secure Shell server.
[[0;32m  OK  [0m] Started Apply the settings specified in cloud-config.
[[0;32m  OK  [0m] Started /etc/rc.local Compatibility.
[[0;32m  OK  [0m] Started Login Service.
[[0;32m  OK  [0m] Started System Logging Service.
[[0;32m  OK  [0m] Started LSB: Record successful boot for GRUB.
[[0;32m  OK  [0m] Started iSCSI initiator daemon (iscsid).
         Starting Login to default iSCSI targets...
[[0;32m  OK  [0m] Started LSB: MD monitoring daemon.
[[0;32m  OK  [0m] Started Login to default iSCSI targets.
[[0;32m  OK  [0m] Reached target Remote File Systems (Pre).
[[0;32m  OK  [0m] Reached target Remote File Systems.
         Starting LSB: automatic crash report generation...
         Starting LSB: Set the CPU Frequency Scaling governor to "ondemand"...
         Starting LSB: VirtualBox Linux Additions...
         Starting LSB: daemon to balance interrupts for SMP systems...
         Starting Permit User Sessions...
[[0;32m  OK  [0m] Started LSB: Set the CPU Frequency Scaling governor to "ondemand".
[[0;32m  OK  [0m] Started Permit User Sessions.
         Starting Hold until boot process finishes up...
         Starting Terminate Plymouth Boot Screen...
[[0;32m  OK  [0m] Started LSB: automatic crash report generation.
[[0;32m  OK  [0m] Started Hold until boot process finishes up.
[[0;32m  OK  [0m] Started Terminate Plymouth Boot Screen.
[[0;32m  OK  [0m] Started Serial Getty on ttyS0.
         Starting Set console scheme...
[[0;32m  OK  [0m] Started Getty on tty1.
[[0;32m  OK  [0m] Reached target Login Prompts.
[[0;32m  OK  [0m] Started LSB: daemon to balance interrupts for SMP systems.
[[0;32m  OK  [0m] Started Set console scheme.
         Starting Authenticate and Authorize Users to Run Privileged Tasks...
[[0;32m  OK  [0m] Started Authenticate and Authorize Users to Run Privileged Tasks.
[[0;32m  OK  [0m] Started LSB: VirtualBox Linux Additions.
[[0;32m  OK  [0m] Started Accounts Service.
[[0;32m  OK  [0m] Started LXD - container startup/shutdown.
[[0;32m  OK  [0m] Started Snappy daemon.
[[0;32m  OK  [0m] Reached target Multi-User System.
         Starting Execute cloud user/final scripts...
[[0;32m  OK  [0m] Reached target Graphical Interface.
         Starting Update UTMP about System Runlevel Changes...
[[0;32m  OK  [0m] Started Update UTMP about System Runlevel Changes.
[   27.094862] cloud-init[1201]: Cloud-init v. 17.1 running 'modules:final' at Tue, 12 Dec 2017 01:36:25 +0000. Up 26.96 seconds.
[   27.159702] cloud-init[1201]: Cloud-init v. 17.1 finished at Tue, 12 Dec 2017 01:36:26 +0000. Datasource DataSourceNoCloud [seed=/dev/sdb][dsmode=net].  Up 27.08 seconds
[[0;32m  OK  [0m] Started Execute cloud user/final scripts.
[[0;32m  OK  [0m] Reached target Cloud-init target.
         Starting Daily apt download activities...
[[0;32m  OK  [0m] Created slice User Slice of ubuntu.
         Starting User Manager for UID 1000...
[[0;32m  OK  [0m] Started Session 1 of user ubuntu.
[[0;32m  OK  [0m] Started User Manager for UID 1000.

Ubuntu 16.04.3 LTS ubuntu-xenial ttyS0

ubuntu-xenial login: 